# JRE version: Java(TM) SE Runtime Environment (17.0.2+8) (build 17.0.2+8-LTS-86)
# Java VM: Java HotSpot(TM) 64-Bit Server VM (17.0.2+8-LTS-86, mixed mode, sharing, tiered, compressed oops, compressed class ptrs, g1 gc, windows-amd64)
GC Precious Log:
 CPUs: 4 total, 4 available
 Memory: 12169M
 Large Page Support: Disabled
 NUMA Support: Disabled
 Compressed Oops: Enabled (Zero based)
 Heap Region Size: 2M
 Heap Min Capacity: 8M
 Heap Initial Capacity: 192M
 Heap Max Capacity: 3044M
 Pre-touch: Disabled
 Parallel Workers: 4
 Concurrent Workers: 1
 Concurrent Refinement Workers: 4
 Periodic GC: Disabled
Heap:
 garbage-first heap   total 73728K, used 42086K [0x0000000741c00000, 0x0000000800000000)
  region size 2048K, 6 young (12288K), 0 survivors (0K)
 Metaspace       used 67055K, committed 67520K, reserved 1114112K
  class space    used 8910K, committed 9152K, reserved 1048576K
GC Heap History (20 events):
Event: 14.348 GC heap before
{Heap before GC invocations=13 (full 0):
 garbage-first heap   total 73728K, used 51735K [0x0000000741c00000, 0x0000000800000000)
  region size 2048K, 14 young (28672K), 1 survivors (2048K)
 Metaspace       used 44128K, committed 44480K, reserved 1089536K
  class space    used 5589K, committed 5760K, reserved 1048576K
}
Event: 14.356 GC heap after
{Heap after GC invocations=14 (full 0):
 garbage-first heap   total 73728K, used 29509K [0x0000000741c00000, 0x0000000800000000)
  region size 2048K, 2 young (4096K), 2 survivors (4096K)
 Metaspace       used 44128K, committed 44480K, reserved 1089536K
  class space    used 5589K, committed 5760K, reserved 1048576K
}
Event: 15.755 GC heap before
{Heap before GC invocations=14 (full 0):
 garbage-first heap   total 73728K, used 52037K [0x0000000741c00000, 0x0000000800000000)
  region size 2048K, 14 young (28672K), 2 survivors (4096K)
 Metaspace       used 50542K, committed 50944K, reserved 1097728K
  class space    used 6596K, committed 6784K, reserved 1048576K
}
Event: 15.765 GC heap after
{Heap after GC invocations=15 (full 0):
 garbage-first heap   total 73728K, used 31117K [0x0000000741c00000, 0x0000000800000000)
  region size 2048K, 1 young (2048K), 1 survivors (2048K)
 Metaspace       used 50542K, committed 50944K, reserved 1097728K
  class space    used 6596K, committed 6784K, reserved 1048576K
}
Event: 16.801 GC heap before
{Heap before GC invocations=15 (full 0):
 garbage-first heap   total 73728K, used 55693K [0x0000000741c00000, 0x0000000800000000)
  region size 2048K, 13 young (26624K), 1 survivors (2048K)
 Metaspace       used 55106K, committed 55552K, reserved 1097728K
  class space    used 7312K, committed 7488K, reserved 1048576K
}
Event: 16.807 GC heap after
{Heap after GC invocations=16 (full 0):
 garbage-first heap   total 73728K, used 32360K [0x0000000741c00000, 0x0000000800000000)
  region size 2048K, 2 young (4096K), 2 survivors (4096K)
 Metaspace       used 55106K, committed 55552K, reserved 1097728K
  class space    used 7312K, committed 7488K, reserved 1048576K
}
Event: 17.640 GC heap before
{Heap before GC invocations=16 (full 0):
 garbage-first heap   total 73728K, used 54888K [0x0000000741c00000, 0x0000000800000000)
  region size 2048K, 13 young (26624K), 2 survivors (4096K)
 Metaspace       used 57373K, committed 57728K, reserved 1105920K
  class space    used 7661K, committed 7808K, reserved 1048576K
}
Event: 17.651 GC heap after
{Heap after GC invocations=17 (full 0):
 garbage-first heap   total 73728K, used 34451K [0x0000000741c00000, 0x0000000800000000)
  region size 2048K, 2 young (4096K), 2 survivors (4096K)
 Metaspace       used 57373K, committed 57728K, reserved 1105920K
  class space    used 7661K, committed 7808K, reserved 1048576K
}
Event: 18.683 GC heap before
{Heap before GC invocations=17 (full 0):
 garbage-first heap   total 73728K, used 56979K [0x0000000741c00000, 0x0000000800000000)
  region size 2048K, 13 young (26624K), 2 survivors (4096K)
 Metaspace       used 59438K, committed 59840K, reserved 1105920K
  class space    used 7933K, committed 8128K, reserved 1048576K
}
Event: 18.693 GC heap after
{Heap after GC invocations=18 (full 0):
 garbage-first heap   total 73728K, used 36493K [0x0000000741c00000, 0x0000000800000000)
  region size 2048K, 2 young (4096K), 2 survivors (4096K)
 Metaspace       used 59438K, committed 59840K, reserved 1105920K
  class space    used 7933K, committed 8128K, reserved 1048576K
}
Event: 19.047 GC heap before
{Heap before GC invocations=18 (full 0):
 garbage-first heap   total 73728K, used 40589K [0x0000000741c00000, 0x0000000800000000)
  region size 2048K, 5 young (10240K), 2 survivors (4096K)
 Metaspace       used 59763K, committed 60160K, reserved 1105920K
  class space    used 7985K, committed 8192K, reserved 1048576K
}
Event: 19.055 GC heap after
{Heap after GC invocations=19 (full 0):
 garbage-first heap   total 73728K, used 37061K [0x0000000741c00000, 0x0000000800000000)
  region size 2048K, 2 young (4096K), 2 survivors (4096K)
 Metaspace       used 59763K, committed 60160K, reserved 1105920K
  class space    used 7985K, committed 8192K, reserved 1048576K
}
Event: 20.153 GC heap before
{Heap before GC invocations=20 (full 0):
 garbage-first heap   total 73728K, used 57541K [0x0000000741c00000, 0x0000000800000000)
  region size 2048K, 12 young (24576K), 2 survivors (4096K)
 Metaspace       used 63845K, committed 64256K, reserved 1105920K
  class space    used 8575K, committed 8768K, reserved 1048576K
}
Event: 20.162 GC heap after
{Heap after GC invocations=21 (full 0):
 garbage-first heap   total 73728K, used 39665K [0x0000000741c00000, 0x0000000800000000)
  region size 2048K, 2 young (4096K), 2 survivors (4096K)
 Metaspace       used 63845K, committed 64256K, reserved 1105920K
  class space    used 8575K, committed 8768K, reserved 1048576K
}
Event: 50.031 GC heap before
{Heap before GC invocations=21 (full 0):
 garbage-first heap   total 73728K, used 41713K [0x0000000741c00000, 0x0000000800000000)
  region size 2048K, 3 young (6144K), 2 survivors (4096K)
 Metaspace       used 64153K, committed 64576K, reserved 1105920K
  class space    used 8606K, committed 8768K, reserved 1048576K
}
Event: 50.038 GC heap after
{Heap after GC invocations=22 (full 0):
 garbage-first heap   total 73728K, used 38217K [0x0000000741c00000, 0x0000000800000000)
  region size 2048K, 1 young (2048K), 1 survivors (2048K)
 Metaspace       used 64153K, committed 64576K, reserved 1105920K
  class space    used 8606K, committed 8768K, reserved 1048576K
}
Event: 451.341 GC heap before
{Heap before GC invocations=22 (full 0):
 garbage-first heap   total 73728K, used 54601K [0x0000000741c00000, 0x0000000800000000)
  region size 2048K, 10 young (20480K), 1 survivors (2048K)
 Metaspace       used 66850K, committed 67264K, reserved 1114112K
  class space    used 8890K, committed 9088K, reserved 1048576K
}
Event: 451.345 GC heap after
{Heap after GC invocations=23 (full 0):
 garbage-first heap   total 73728K, used 38858K [0x0000000741c00000, 0x0000000800000000)
  region size 2048K, 1 young (2048K), 1 survivors (2048K)
 Metaspace       used 66850K, committed 67264K, reserved 1114112K
  class space    used 8890K, committed 9088K, reserved 1048576K
}
Event: 454.539 GC heap before
{Heap before GC invocations=24 (full 0):
 garbage-first heap   total 73728K, used 40906K [0x0000000741c00000, 0x0000000800000000)
  region size 2048K, 3 young (6144K), 1 survivors (2048K)
 Metaspace       used 66955K, committed 67328K, reserved 1114112K
  class space    used 8907K, committed 9088K, reserved 1048576K
}
Event: 454.663 GC heap after
{Heap after GC invocations=25 (full 1):
 garbage-first heap   total 73728K, used 31846K [0x0000000741c00000, 0x0000000800000000)
  region size 2048K, 0 young (0K), 0 survivors (0K)
 Metaspace       used 66955K, committed 67328K, reserved 1114112K
  class space    used 8907K, committed 9088K, reserved 1048576K
}

